build/app/outputs/mapping/release/seeds.txt
com.mycompany.alphachecklist.MainActivity
com.mycompany.alphachecklist.MainActivity: MainActivity()
...
org.chromium.support_lib_boundary.WebSettingsBoundaryInterface: void setSafeBrowsingEnabled(boolean)
androidx.vectordrawable.graphics.drawable.VectorDrawableCompat$VFullPath: void setStrokeColor(int)
com.google.android.datatransport.cct.internal.QosTier: com.google.android.datatransport.cct.internal.QosTier[] values()
androidx.appcompat.widget.ButtonBarLayout: void setAllowStacking(boolean)
io.flutter.embedding.engine.FlutterJNI: java.lang.String getVMServiceUri()
androidx.appcompat.widget.AppCompatTextViewAutoSizeHelper$Api16Impl: int getMaxLines(android.widget.TextView)
android.support.v4.media.AudioAttributesImplBaseParcelizer: AudioAttributesImplBaseParcelizer()
androidx.appcompat.widget.AppCompatButton: int getAutoSizeMaxTextSize()
androidx.fragment.app.FragmentContainerView: void setLayoutTransition(android.animation.LayoutTransition)
androidx.webkit.internal.ApiHelperForM: void postMessage(android.webkit.WebMessagePort,android.webkit.WebMessage)
androidx.core.widget.TextViewCompat$Api23Impl: void setCompoundDrawableTintList(android.widget.TextView,android.content.res.ColorStateList)
androidx.webkit.internal.ApiHelperForM: androidx.webkit.WebMessageCompat createWebMessageCompat(android.webkit.WebMessage)
com.google.android.material.snackbar.SnackbarContentLayout: SnackbarContentLayout(android.content.Context,android.util.AttributeSet)
io.flutter.embedding.engine.renderer.SurfaceTextureWrapper: SurfaceTextureWrapper(android.graphics.SurfaceTexture)
com.google.android.material.textfield.TextInputLayout: void setMinWidthResource(int)
com.google.android.material.chip.Chip: void setChipIcon(android.graphics.drawable.Drawable)
androidx.core.app.NotificationCompatBuilder$Api26Impl: android.app.Notification$Builder createBuilder(android.content.Context,java.lang.String)
android.support.v4.media.AudioAttributesImplBaseParcelizer: void write(androidx.media.AudioAttributesImplBase,androidx.versionedparcelable.VersionedParcel)
androidx.core.view.WindowInsetsCompat$Impl21: WindowInsetsCompat$Impl21(androidx.core.view.WindowInsetsCompat,android.view.WindowInsets)
androidx.core.view.WindowInsetsCompat$Impl21: androidx.core.view.WindowInsetsCompat consumeSystemWindowInsets()
androidx.appcompat.widget.SearchView: void setMaxWidth(int)
androidx.core.view.ViewCompat$Api28Impl: void setAutofillId(android.view.View,androidx.core.view.autofill.AutofillIdCompat)
io.flutter.view.AccessibilityBridge$TextDirection: io.flutter.view.AccessibilityBridge$TextDirection valueOf(java.lang.String)
io.flutter.embedding.engine.systemchannels.PlatformChannel$DeviceOrientation: io.flutter.embedding.engine.systemchannels.PlatformChannel$DeviceOrientation valueOf(java.lang.String)
androidx.media.AudioAttributesImplApi21Parcelizer: void write(androidx.media.AudioAttributesImplApi21,androidx.versionedparcelable.VersionedParcel)
com.google.android.material.textfield.TextInputLayout: void setHelperTextTextAppearance(int)
com.google.common.reflect.TypeCapture: TypeCapture()
com.google.android.material.textfield.TextInputLayout: com.google.android.material.shape.MaterialShapeDrawable getBoxBackground()
androidx.recyclerview.widget.RecyclerView: void setLayoutFrozen(boolean)
io.flutter.embedding.engine.FlutterJNI: long performNativeAttach(io.flutter.embedding.engine.FlutterJNI)
androidx.appcompat.widget.AppCompatButton: android.graphics.PorterDuff$Mode getSupportBackgroundTintMode()
io.flutter.embedding.engine.mutatorsstack.FlutterMutatorsStack: void pushTransform(float[])
androidx.appcompat.widget.LinearLayoutCompat: void setDividerDrawable(android.graphics.drawable.Drawable)
com.google.android.material.textfield.TextInputLayout: int getBoxStrokeWidth()
io.flutter.plugin.editing.ImeSyncDeferringInsetsCallback$AnimationCallback: void onEnd(android.view.WindowInsetsAnimation)
io.flutter.embedding.android.FlutterActivityLaunchConfigs$BackgroundMode: io.flutter.embedding.android.FlutterActivityLaunchConfigs$BackgroundMode valueOf(java.lang.String)