build/app/outputs/mapping/release/usage.txt
com.mycompany.alphachecklist.R$color
com.mycompany.alphachecklist.R$drawable
com.mycompany.alphachecklist.R$mipmap
com.mycompany.alphachecklist.R$string
com.mycompany.alphachecklist.R$style
com.mycompany.alphachecklist.R
...
androidx.media3.database.DatabaseProvider
androidx.media3.database.DefaultDatabaseProvider
androidx.media3.database.ExoDatabaseProvider
androidx.media3.database.R
androidx.media3.database.StandaloneDatabaseProvider
androidx.media3.database.VersionTable
androidx.media3.database.package-info
androidx.media3.datasource.AesCipherDataSink
androidx.media3.datasource.AesCipherDataSource
androidx.media3.datasource.AesFlushingCipher
androidx.media3.datasource.AssetDataSource$AssetDataSourceException:
    public void <init>(java.io.IOException)
androidx.media3.datasource.BitmapUtil:
    private void <init>()
androidx.media3.datasource.ByteArrayDataSink
androidx.media3.datasource.ByteArrayDataSource$UriResolver
androidx.media3.datasource.ByteArrayDataSource
androidx.media3.datasource.ByteArrayUploadDataProvider
androidx.media3.datasource.ContentDataSource$ContentDataSourceException:
    public void <init>(java.io.IOException)
androidx.media3.datasource.DataSchemeDataSource:
    public static final java.lang.String SCHEME_DATA
androidx.media3.datasource.DataSink$Factory
androidx.media3.datasource.DataSink
androidx.media3.datasource.DataSourceBitmapLoader
androidx.media3.datasource.DataSourceException:
    public static final int POSITION_OUT_OF_RANGE
androidx.media3.datasource.DataSourceInputStream:
    public long bytesRead()
androidx.media3.datasource.DataSourceUtil:
    private void <init>()
    public static byte[] readExactly(androidx.media3.datasource.DataSource,int)
    public static byte[] readToEnd(androidx.media3.datasource.DataSource)
androidx.media3.datasource.DataSpec$Builder:
    public androidx.media3.datasource.DataSpec$Builder setCustomData(java.lang.Object)
    public androidx.media3.datasource.DataSpec$Builder setUriPositionOffset(long)
androidx.media3.datasource.DataSpec$Flags
androidx.media3.datasource.DataSpec$HttpMethod
androidx.media3.datasource.DataSpec:
    public static final int FLAG_ALLOW_CACHE_FRAGMENTATION
    public static final int FLAG_ALLOW_GZIP
    public static final int FLAG_DONT_CACHE_IF_LENGTH_UNKNOWN
    public static final int FLAG_MIGHT_NOT_USE_FULL_NETWORK_SPEED
    public static final int HTTP_METHOD_GET
    public static final int HTTP_METHOD_HEAD
    public static final int HTTP_METHOD_POST
    public androidx.media3.datasource.DataSpec withRequestHeaders(java.util.Map)
    public androidx.media3.datasource.DataSpec withUri(android.net.Uri)
androidx.media3.datasource.DefaultDataSource$Factory:
    public androidx.media3.datasource.DefaultDataSource$Factory setTransferListener(androidx.media3.datasource.TransferListener)
androidx.media3.datasource.DefaultDataSource:
    private static final java.lang.String SCHEME_ANDROID_RESOURCE
    private static final java.lang.String SCHEME_ASSET
    private static final java.lang.String SCHEME_CONTENT
    private static final java.lang.String SCHEME_DATA
    private static final java.lang.String SCHEME_RAW
    private static final java.lang.String SCHEME_RTMP
    private static final java.lang.String SCHEME_UDP
    private static final java.lang.String TAG
    public void <init>(android.content.Context,java.lang.String,int,int,boolean)
    public void <init>(android.content.Context,java.lang.String,boolean)
    public void <init>(android.content.Context,boolean)
androidx.media3.datasource.DefaultDataSourceFactory